2023-10-23 13:01:39.808218+00:00 [critical] <0.175.0>@ejabberd_app:start/2:72 Failed to start ejabberd application: Failed to read YAML file '/home/ejabberd/conf/ejabberd.yml': no such file or directory
2023-11-17 10:43:27.052085+00:00 [error] <0.851.0>@mod_http_api:handle/4:259 REST API Error: rooms_empty_list([{<<"service">>,<<"muc.example.com">>}]) -> error:{unregistered_route,
                                                                                    <<"muc.example.com">>} [{ejabberd_router,
                                                                                                             host_of_route,
                                                                                                             1,
                                                                                                             [{file,
                                                                                                               "src/ejabberd_router.erl"},
                                                                                                              {line,
                                                                                                               280}]},
                                                                                                            {mod_muc_admin,
                                                                                                             get_all_rooms2,
                                                                                                             2,
                                                                                                             [{file,
                                                                                                               "src/mod_muc_admin.erl"},
                                                                                                              {line,
                                                                                                               905}]},
                                                                                                            {lists,
                                                                                                             flatmap_1,
                                                                                                             2,
                                                                                                             [{file,
                                                                                                               "lists.erl"},
                                                                                                              {line,
                                                                                                               1335}]},
                                                                                                            {mod_muc_admin,
                                                                                                             muc_unused,
                                                                                                             4,
                                                                                                             [{file,
                                                                                                               "src/mod_muc_admin.erl"},
                                                                                                              {line,
                                                                                                               872}]},
                                                                                                            {mod_muc_admin,
                                                                                                             rooms_report,
                                                                                                             4,
                                                                                                             [{file,
                                                                                                               "src/mod_muc_admin.erl"},
                                                                                                              {line,
                                                                                                               866}]},
                                                                                                            {mod_http_api,
                                                                                                             handle2,
                                                                                                             4,
                                                                                                             [{file,
                                                                                                               "src/mod_http_api.erl"},
                                                                                                              {line,
                                                                                                               269}]},
                                                                                                            {mod_http_api,
                                                                                                             handle,
                                                                                                             4,
                                                                                                             [{file,
                                                                                                               "src/mod_http_api.erl"},
                                                                                                              {line,
                                                                                                               230}]},
                                                                                                            {mod_http_api,
                                                                                                             perform_call,
                                                                                                             4,
                                                                                                             [{file,
                                                                                                               "src/mod_http_api.erl"},
                                                                                                              {line,
                                                                                                               190}]}]
2023-11-20 09:53:17.612249+00:00 [critical] <0.179.0>@ejabberd_app:start/2:72 Failed to start ejabberd application: Invalid value of option listen->5->request_handlers->'module': Module 'ejabberd_c2s' doesn't export function socket_handoff/3
2023-11-20 09:53:23.354262+00:00 [critical] <0.179.0>@ejabberd_app:start/2:72 Failed to start ejabberd application: Invalid value of option listen->5->request_handlers->'module': Module 'ejabberd_c2s' doesn't export function socket_handoff/3
2023-11-20 09:53:33.712668+00:00 [critical] <0.179.0>@ejabberd_app:start/2:72 Failed to start ejabberd application: Invalid value of option listen->5->request_handlers->'module': Module 'ejabberd_c2s' doesn't export function socket_handoff/3
2023-11-20 09:53:37.836408+00:00 [critical] <0.179.0>@ejabberd_app:start/2:72 Failed to start ejabberd application: Invalid value of option listen->5->request_handlers->'module': Module 'ejabberd_c2s' doesn't export function socket_handoff/3
2023-11-20 09:54:12.057001+00:00 [critical] <0.179.0>@ejabberd_app:start/2:72 Failed to start ejabberd application: Invalid value of option listen->5: Duplicated option: module
2023-11-20 09:58:02.938691+00:00 [critical] <0.179.0>@ejabberd_app:start/2:72 Failed to start ejabberd application: Invalid value of option listen->1->dhfile: Failed to read file '/etc/ssl/ejabberd/dh1024.pem': no such file or directory
2023-11-20 09:58:32.642789+00:00 [critical] <0.179.0>@ejabberd_app:start/2:72 Failed to start ejabberd application: Invalid value of option listen->1->dhfile: Failed to read file '/etc/ssl/ejabberd/dh1024.pem': no such file or directory
